<?xml version="1.0" encoding="UTF-8"?>
<testsuite name="com.pressassociation.test.DeduplicatorTest" time="0.203" tests="6" errors="0" skipped="0" failures="0">
  <properties>
[...]
</properties>
  <testcase name="testRemoveDuplicates_Characters" classname="com.pressassociation.test.DeduplicatorTest" time="0.203"/>
  <testcase name="testRemoveDuplicates_duplicateStrings" classname="com.pressassociation.test.DeduplicatorTest" time="0"/>
  <testcase name="testRemoveDuplicates_strings" classname="com.pressassociation.test.DeduplicatorTest" time="0"/>
  <testcase name="testRemoveDuplicates_ints" classname="com.pressassociation.test.DeduplicatorTest" time="0"/>
  <testcase name="testRemoveDuplicates_duplicateCharacters" classname="com.pressassociation.test.DeduplicatorTest" time="0"/>
  <testcase name="testRemoveDuplicates_duplicateInts" classname="com.pressassociation.test.DeduplicatorTest" time="0"/>
</testsuite>